Determining if the pthread_create exist failed with the following output:
Change Dir: /home/seonghunlee/ros/ORB_SLAM2_private/Examples/ROS/ORB_SLAM2/build/CMakeFiles/CMakeTmp

Run Build Command:"/usr/bin/make" "cmTryCompileExec1733745210/fast"
/usr/bin/make -f CMakeFiles/cmTryCompileExec1733745210.dir/build.make CMakeFiles/cmTryCompileExec1733745210.dir/build
make[1]: Entering directory `/home/seonghunlee/ros/ORB_SLAM2_private/Examples/ROS/ORB_SLAM2/build/CMakeFiles/CMakeTmp'
/usr/bin/cmake -E cmake_progress_report /home/seonghunlee/ros/ORB_SLAM2_private/Examples/ROS/ORB_SLAM2/build/CMakeFiles/CMakeTmp/CMakeFiles 1
Building C object CMakeFiles/cmTryCompileExec1733745210.dir/CheckSymbolExists.c.o
/usr/bin/cc    -o CMakeFiles/cmTryCompileExec1733745210.dir/CheckSymbolExists.c.o   -c /home/seonghunlee/ros/ORB_SLAM2_private/Examples/ROS/ORB_SLAM2/build/CMakeFiles/CMakeTmp/CheckSymbolExists.c
Linking C executable cmTryCompileExec1733745210
/usr/bin/cmake -E cmake_link_script CMakeFiles/cmTryCompileExec1733745210.dir/link.txt --verbose=1
/usr/bin/cc       CMakeFiles/cmTryCompileExec1733745210.dir/CheckSymbolExists.c.o  -o cmTryCompileExec1733745210 -rdynamic 
CMakeFiles/cmTryCompileExec1733745210.dir/CheckSymbolExists.c.o: In function `main':
CheckSymbolExists.c:(.text+0x16): undefined reference to `pthread_create'
collect2: error: ld returned 1 exit status
make[1]: *** [cmTryCompileExec1733745210] Error 1
make[1]: Leaving directory `/home/seonghunlee/ros/ORB_SLAM2_private/Examples/ROS/ORB_SLAM2/build/CMakeFiles/CMakeTmp'
make: *** [cmTryCompileExec1733745210/fast] Error 2

File /home/seonghunlee/ros/ORB_SLAM2_private/Examples/ROS/ORB_SLAM2/build/CMakeFiles/CMakeTmp/CheckSymbolExists.c:
/* */
#include <pthread.h>

int main(int argc, char** argv)
{
  (void)argv;
#ifndef pthread_create
  return ((int*)(&pthread_create))[argc];
#else
  (void)argc;
  return 0;
#endif
}

Determining if the function pthread_create exists in the pthreads failed with the following output:
Change Dir: /home/seonghunlee/ros/ORB_SLAM2_private/Examples/ROS/ORB_SLAM2/build/CMakeFiles/CMakeTmp

Run Build Command:"/usr/bin/make" "cmTryCompileExec2434657174/fast"
/usr/bin/make -f CMakeFiles/cmTryCompileExec2434657174.dir/build.make CMakeFiles/cmTryCompileExec2434657174.dir/build
make[1]: Entering directory `/home/seonghunlee/ros/ORB_SLAM2_private/Examples/ROS/ORB_SLAM2/build/CMakeFiles/CMakeTmp'
/usr/bin/cmake -E cmake_progress_report /home/seonghunlee/ros/ORB_SLAM2_private/Examples/ROS/ORB_SLAM2/build/CMakeFiles/CMakeTmp/CMakeFiles 1
Building C object CMakeFiles/cmTryCompileExec2434657174.dir/CheckFunctionExists.c.o
/usr/bin/cc   -DCHECK_FUNCTION_EXISTS=pthread_create   -o CMakeFiles/cmTryCompileExec2434657174.dir/CheckFunctionExists.c.o   -c /usr/share/cmake-3.2/Modules/CheckFunctionExists.c
Linking C executable cmTryCompileExec2434657174
/usr/bin/cmake -E cmake_link_script CMakeFiles/cmTryCompileExec2434657174.dir/link.txt --verbose=1
/usr/bin/cc   -DCHECK_FUNCTION_EXISTS=pthread_create    CMakeFiles/cmTryCompileExec2434657174.dir/CheckFunctionExists.c.o  -o cmTryCompileExec2434657174 -rdynamic -lpthreads 
/usr/bin/ld: cannot find -lpthreads
collect2: error: ld returned 1 exit status
make[1]: *** [cmTryCompileExec2434657174] Error 1
make[1]: Leaving directory `/home/seonghunlee/ros/ORB_SLAM2_private/Examples/ROS/ORB_SLAM2/build/CMakeFiles/CMakeTmp'
make: *** [cmTryCompileExec2434657174/fast] Error 2


